SAM.inc
SAM/ADM_Guard.inc
SAM/StreamerFunction.inc
SAM/BitFunctions.inc
SAM/RGB.inc
SAM/3DTryg.inc
SAM/LY.inc
SAM/MD5.inc
SAM/SHA256.inc
SAM/ADM.inc
SAM/DataConvert.inc
SAM/EVF.inc
SAM/Logs.inc
SAM/ATM.inc
SAM/FoxForeach.inc
SAM/vnpc.inc
SAM/SOI.inc
SAM/Zones.inc
engine/EngineV6.inc
engine/EngineX.inc
engine/Knife.inc
engine/Magic.inc
engine/Mines.inc
engine/Missile.inc
engine/VehicleMissileCol.inc
engine/VehPara.inc
engine/PortalGun.inc
engine/Stingers.inc
engine/Hunting.inc
event/Fireworks.inc
event/Lottery.inc
event/Santa.inc